c:\users\larry\source\repos\vulkanengine2\x64\debug\vulkanengine2.exe
c:\users\larry\source\repos\vulkanengine2\x64\debug\vulkanengine2.pdb
c:\users\larry\source\repos\vulkanengine2\vulkanengine2\x64\debug\.d.json
c:\users\larry\source\repos\vulkanengine2\vulkanengine2\x64\debug\main.obj
c:\users\larry\source\repos\vulkanengine2\vulkanengine2\x64\debug\microsoft\stl\std.ixx.ifc
c:\users\larry\source\repos\vulkanengine2\vulkanengine2\x64\debug\microsoft\stl\std.ixx.ifc.d.json
c:\users\larry\source\repos\vulkanengine2\vulkanengine2\x64\debug\microsoft\stl\std.ixx.obj
c:\users\larry\source\repos\vulkanengine2\vulkanengine2\x64\debug\microsoft\stl\std.compat.ixx.ifc
c:\users\larry\source\repos\vulkanengine2\vulkanengine2\x64\debug\microsoft\stl\std.compat.ixx.ifc.d.json
c:\users\larry\source\repos\vulkanengine2\vulkanengine2\x64\debug\microsoft\stl\std.compat.ixx.obj
c:\users\larry\source\repos\vulkanengine2\x64\debug\glfw3.dll
c:\users\larry\source\repos\vulkanengine2\vulkanengine2\x64\debug\microsoft\stl\std.ixx.module.json
c:\users\larry\source\repos\vulkanengine2\vulkanengine2\x64\debug\microsoft\stl\std.compat.ixx.module.json
c:\users\larry\source\repos\vulkanengine2\vulkanengine2\x64\debug\main.cpp.module.json
c:\users\larry\source\repos\vulkanengine2\vulkanengine2\x64\debug\vulkanengine2.ilk
c:\users\larry\source\repos\vulkanengine2\vulkanengine2\x64\debug\vc143.idb
c:\users\larry\source\repos\vulkanengine2\vulkanengine2\x64\debug\vc143.pdb
c:\users\larry\source\repos\vulkanengine2\vulkanengine2\x64\debug\vulkanengine2.tlog\cl.command.1.tlog
c:\users\larry\source\repos\vulkanengine2\vulkanengine2\x64\debug\vulkanengine2.tlog\cl.items.tlog
c:\users\larry\source\repos\vulkanengine2\vulkanengine2\x64\debug\vulkanengine2.tlog\link.command.1.tlog
c:\users\larry\source\repos\vulkanengine2\vulkanengine2\x64\debug\vulkanengine2.tlog\link.read.1.tlog
c:\users\larry\source\repos\vulkanengine2\vulkanengine2\x64\debug\vulkanengine2.tlog\link.secondary.1.tlog
c:\users\larry\source\repos\vulkanengine2\vulkanengine2\x64\debug\vulkanengine2.tlog\link.write.1.tlog
c:\users\larry\source\repos\vulkanengine2\vulkanengine2\x64\debug\vulkanengine2.tlog\microsoft.build.cpptasks.cl.read.1.tlog
c:\users\larry\source\repos\vulkanengine2\vulkanengine2\x64\debug\vulkanengine2.tlog\microsoft.build.cpptasks.cl.write.1.tlog
c:\users\larry\source\repos\vulkanengine2\vulkanengine2\x64\debug\vulkanengine2.tlog\vulkanengine2.write.1u.tlog
c:\users\larry\source\repos\vulkanengine2\vulkanengine2\x64\debug\vulkanengine2_md.tlog\cl.command.1.tlog
c:\users\larry\source\repos\vulkanengine2\vulkanengine2\x64\debug\vulkanengine2_md.tlog\microsoft.build.cpptasks.cl.read.1.tlog
c:\users\larry\source\repos\vulkanengine2\vulkanengine2\x64\debug\vulkanengine2_md.tlog\microsoft.build.cpptasks.cl.write.1.tlog
